#
# A fatal error has been detected by the Java Runtime Environment:
#
#  SIGILL (0x4) at pc=0x00007fff230bad28, pid=9561, tid=0x0000000000000103
#
# JRE version: OpenJDK Runtime Environment (8.0_242) (build 1.8.0_242-release-1644-b3-6915495)
# Java VM: OpenJDK 64-Bit Server VM (25.242-b3-6915495 mixed mode bsd-amd64 compressed oops)
# Problematic frame:
# C  [AppKit+0x3ead28]  -[NSApplication _crashOnException:]+0x15b
#
# Failed to write core dump. Core dumps have been disabled. To enable core dumping, try "ulimit -c unlimited" before starting Java again
#
# If you would like to submit a bug report, please visit:
#   http://bugreport.java.com/bugreport/crash.jsp
# The crash happened outside the Java Virtual Machine in native code.
# See problematic frame for where to report the bug.
#

---------------  T H R E A D  ---------------

Current thread (0x00007f907d955000):  JavaThread "AWT-AppKit" daemon [_thread_in_native, id=259, stack(0x00007ffee3099000,0x00007ffee3899000)]

siginfo: si_signo: 4 (SIGILL), si_code: 1 (ILL_ILLOPC), si_addr: 0x00007fff230bad28

Registers:
RAX=0x00007f907d193a00, RBX=0x00007fff202b4800, RCX=0x6da6dd71ffd20057, RDX=0xffffffffffffff01
RSP=0x00007ffee38943d0, RBP=0x00007ffee3894400, RSI=0x0000000000000ed1, RDI=0x00007ffee3893f70
R8 =0x0000000008000100, R9 =0x0000000000000000, R10=0x00007ffee3893ed8, R11=0x0000000000008fff
R12=0x00007f907d809068, R13=0x00007f907bf62e10, R14=0x00007f907bdaf1c0, R15=0x00007fff7ba09c35
RIP=0x00007fff230bad28, EFLAGS=0x0000000000010206, ERR=0x0000000000000000
  TRAPNO=0x0000000000000006

Top of Stack: (sp=0x00007ffee38943d0)
0x00007ffee38943d0:   7bdae02008420102 0000000000007f90
0x00007ffee38943e0:   000000ff000000ff 00007f907bd7e1c0
0x00007ffee38943f0:   00007f907bf47f00 00007f907bf62e10
0x00007ffee3894400:   00007ffee3894540 00007fff22e92ef8
0x00007ffee3894410:   00007fff202b4800 00007f907bf6bda0
0x00007ffee3894420:   00007ffee3894480 00007fff22d2a2f1
0x00007ffee3894430:   00007f907bc881b0 00007f907bc88200
0x00007ffee3894440:   00007ffee3894480 00007fff22d2a182
0x00007ffee3894450:   6da6dd71ffd20057 00007f907bf6bda0
0x00007ffee3894460:   00007f907bf6bda0 00007f907be807a0
0x00007ffee3894470:   00007f907be00000 0000000000000004
0x00007ffee3894480:   00007f907be4bab0 0000000000000004
0x00007ffee3894490:   00007f907be00000 0000000000000004
0x00007ffee38944a0:   00007f907be5be70 0000000000000004
0x00007ffee38944b0:   0000000000000030 000000010c394e00
0x00007ffee38944c0:   00007ffee3894550 00007fff20242723
0x00007ffee38944d0:   0000000000000103 0000000000000000
0x00007ffee38944e0:   00007f907bd08c70 00007f907be5bea0
0x00007ffee38944f0:   000000027c81b400 0000000000000003
0x00007ffee3894500:   000000018417f860 00007f907be00000
0x00007ffee3894510:   6da6dd71ffd20057 00007f907bf47cb0
0x00007ffee3894520:   00007f907d809068 00007f907bf62e10
0x00007ffee3894530:   0000000000000002 00007f907bf62e10
0x00007ffee3894540:   00007ffee3894570 00007fff235e7cc3
0x00007ffee3894550:   00007f907bf47cb0 00007fff2050f1f3
0x00007ffee3894560:   0000000000000002 0000000000000000
0x00007ffee3894570:   00007ffee3894580 00007fff2050ed31
0x00007ffee3894580:   00007ffee3894640 00007fff2050ebc5
0x00007ffee3894590:   00007f907bf62e10 0000000000000020
0x00007ffee38945a0:   00007fff801549a8 00007fff2050ea58
0x00007ffee38945b0:   00007f907bd08d70 0000000500002d8a
0x00007ffee38945c0:   00007ffee38945b0 00007ffee3894590 

Instructions: (pc=0x00007fff230bad28)
0x00007fff230bad08:   48 89 c7 ff 15 8f 49 25 64 48 8b 35 30 e8 a3 5d
0x00007fff230bad18:   48 89 c7 ff 15 7f 49 25 64 48 89 05 78 cb a9 5d
0x00007fff230bad28:   0f 0b 48 89 c7 e8 80 47 7b 00 31 ff 31 f6 31 c0
0x00007fff230bad38:   e8 da 0d e2 ff e8 a0 47 7b 00 0f 0b 48 89 c3 e8 

Register to memory mapping:

RAX=0x00007f907d193a00 is an unknown value
RBX=0x00007fff202b4800: objc_msgSend+0 in /usr/lib/libobjc.A.dylib at 0x00007fff202ae000
RCX=0x6da6dd71ffd20057 is an unknown value
RDX=0xffffffffffffff01 is an unknown value
RSP=0x00007ffee38943d0 is pointing into the stack for thread: 0x00007f907d955000
RBP=0x00007ffee3894400 is pointing into the stack for thread: 0x00007f907d955000
RSI=0x0000000000000ed1 is an unknown value
RDI=0x00007ffee3893f70 is pointing into the stack for thread: 0x00007f907d955000
R8 =0x0000000008000100 is an unknown value
R9 =0x0000000000000000 is an unknown value
R10=0x00007ffee3893ed8 is pointing into the stack for thread: 0x00007f907d955000
R11=0x0000000000008fff is an unknown value
R12=0x00007f907d809068 is an unknown value
R13=0x00007f907bf62e10 is an unknown value
R14=0x00007f907bdaf1c0 is an unknown value
R15=0x00007fff7ba09c35: GCC_except_table772+0x5b726325 in /usr/lib/libobjc.A.dylib at 0x00007fff202ae000


Stack: [0x00007ffee3099000,0x00007ffee3899000],  sp=0x00007ffee38943d0,  free space=8172k
Native frames: (J=compiled Java code, j=interpreted, Vv=VM code, C=native code)
C  [AppKit+0x3ead28]  -[NSApplication _crashOnException:]+0x15b
C  [AppKit+0x1c2ef8]  __62+[CATransaction(NSCATransaction) NS_setFlushesWithDisplayLink]_block_invoke+0x359
C  [AppKit+0x917cc3]  ___NSRunLoopObserverCreateWithHandler_block_invoke+0x29
C  [CoreFoundation+0x80d31]  __CFRUNLOOP_IS_CALLING_OUT_TO_AN_OBSERVER_CALLBACK_FUNCTION__+0x17
C  [CoreFoundation+0x80bc5]  __CFRunLoopDoObservers+0x21f
C  [CoreFoundation+0x80058]  __CFRunLoopRun+0x349
C  [CoreFoundation+0x7f64c]  CFRunLoopRunSpecific+0x233
C  [HIToolbox+0x30ab3]  RunCurrentEventLoopInMode+0x124
C  [HIToolbox+0x30815]  ReceiveNextEventCommon+0x24b
C  [HIToolbox+0x305b3]  _BlockUntilNextEventMatchingListInModeWithFilter+0x46
C  [AppKit+0x3e6f2]  _DPSNextEvent+0x360
C  [AppKit+0x3cec5]  -[NSApplication(NSEvent) _nextEventMatchingEventMask:untilDate:inMode:dequeue:]+0x554
C  [libosxapp.dylib+0x21d5]  -[NSApplicationAWT nextEventMatchingMask:untilDate:inMode:dequeue:]+0x79
C  [AppKit+0x2f239]  -[NSApplication run]+0x24a
C  [libosxapp.dylib+0x201a]  +[NSApplicationAWT runAWTLoopWithApp:]+0xdb
C  [libawt_lwawt.dylib+0x4740b]  -[AWTStarter starter:]+0x358
C  [Foundation+0x80bc1]  __NSThreadPerformPerform+0xcc
C  [CoreFoundation+0x8197c]  __CFRUNLOOP_IS_CALLING_OUT_TO_A_SOURCE0_PERFORM_FUNCTION__+0x11
C  [CoreFoundation+0x818e4]  __CFRunLoopDoSource0+0xb4
C  [CoreFoundation+0x81664]  __CFRunLoopDoSources0+0xf2
C  [CoreFoundation+0x8008c]  __CFRunLoopRun+0x37d
C  [CoreFoundation+0x7f64c]  CFRunLoopRunSpecific+0x233
C  [java+0x50ca]  CreateExecutionEnvironment+0x36b
C  [java+0x16a2]  JLI_Launch+0x756
C  [java+0x7956]  main+0x4c
C  [java+0xf44]  start+0x34
C  0x0000000000000008


---------------  P R O C E S S  ---------------

Java Threads: ( => current thread )
  0x00007f907d98c800 JavaThread "DestroyJavaVM" [_thread_blocked, id=3331, stack(0x000070000b5a3000,0x000070000b6a3000)]
  0x00007f907d991000 JavaThread "LWJGL Application" [_thread_in_vm, id=65799, stack(0x000070000c9ee000,0x000070000caee000)]
  0x00007f907d965800 JavaThread "AWT-Shutdown" [_thread_blocked, id=26651, stack(0x000070000c4d3000,0x000070000c5d3000)]
=>0x00007f907d955000 JavaThread "AWT-AppKit" daemon [_thread_in_native, id=259, stack(0x00007ffee3099000,0x00007ffee3899000)]
  0x00007f907d059800 JavaThread "Service Thread" daemon [_thread_blocked, id=14339, stack(0x000070000c2cd000,0x000070000c3cd000)]
  0x00007f907d03e800 JavaThread "C1 CompilerThread2" daemon [_thread_blocked, id=18179, stack(0x000070000c1ca000,0x000070000c2ca000)]
  0x00007f907d80a000 JavaThread "C2 CompilerThread1" daemon [_thread_blocked, id=18435, stack(0x000070000c0c7000,0x000070000c1c7000)]
  0x00007f907c816800 JavaThread "C2 CompilerThread0" daemon [_thread_blocked, id=18947, stack(0x000070000bfc4000,0x000070000c0c4000)]
  0x00007f907c046800 JavaThread "Signal Dispatcher" daemon [_thread_blocked, id=13571, stack(0x000070000bec1000,0x000070000bfc1000)]
  0x00007f907d824800 JavaThread "Finalizer" daemon [_thread_blocked, id=12291, stack(0x000070000bcb8000,0x000070000bdb8000)]
  0x00007f907c045000 JavaThread "Reference Handler" daemon [_thread_blocked, id=11779, stack(0x000070000bbb5000,0x000070000bcb5000)]

Other Threads:
  0x00007f907d820000 VMThread [stack: 0x000070000bab2000,0x000070000bbb2000] [id=11267]
  0x00007f907d828800 WatcherThread [stack: 0x000070000c3d0000,0x000070000c4d0000] [id=14851]

VM state:not at safepoint (normal execution)

VM Mutex/Monitor currently owned by a thread: None

heap address: 0x0000000740000000, size: 2048 MB, Compressed Oops mode: Zero based, Oop shift amount: 3
Narrow klass base: 0x0000000000000000, Narrow klass shift: 3
Compressed class space size: 1073741824 Address: 0x00000007c0000000

Heap:
 PSYoungGen      total 38400K, used 10321K [0x0000000795580000, 0x0000000798000000, 0x00000007c0000000)
  eden space 33280K, 31% used [0x0000000795580000,0x0000000795f946c8,0x0000000797600000)
  from space 5120K, 0% used [0x0000000797b00000,0x0000000797b00000,0x0000000798000000)
  to   space 5120K, 0% used [0x0000000797600000,0x0000000797600000,0x0000000797b00000)
 ParOldGen       total 87552K, used 0K [0x0000000740000000, 0x0000000745580000, 0x0000000795580000)
  object space 87552K, 0% used [0x0000000740000000,0x0000000740000000,0x0000000745580000)
 Metaspace       used 6479K, capacity 6675K, committed 6912K, reserved 1056768K
  class space    used 664K, capacity 729K, committed 768K, reserved 1048576K

Card table byte_map: [0x00000001116b8000,0x0000000111ab9000] byte_map_base: 0x000000010dcb8000

Marking Bits: (ParMarkBitMap*) 0x00000001110273f8
 Begin Bits: [0x0000000111d64000, 0x0000000113d64000)
 End Bits:   [0x0000000113d64000, 0x0000000115d64000)

Polling page: 0x000000010e24b000

CodeCache: size=245760Kb used=2034Kb max_used=2034Kb free=243725Kb
 bounds [0x00000001171f2000, 0x0000000117462000, 0x00000001261f2000]
 total_blobs=715 nmethods=397 adapters=233
 compilation: enabled

Compilation events (10 events):
Event: 1.729 Thread 0x00007f907d03e800  393       3       java.nio.charset.CharsetDecoder::reset (11 bytes)
Event: 1.729 Thread 0x00007f907d03e800 nmethod 393 0x00000001173ebb90 code [0x00000001173ebd00, 0x00000001173ebf30]
Event: 1.729 Thread 0x00007f907d03e800  394       3       java.nio.charset.CharsetDecoder::implReset (1 bytes)
Event: 1.730 Thread 0x00007f907d03e800 nmethod 394 0x00000001173eb890 code [0x00000001173eb9e0, 0x00000001173ebb30]
Event: 1.731 Thread 0x00007f907d03e800  395       3       java.io.UnixFileSystem::getBooleanAttributes (49 bytes)
Event: 1.736 Thread 0x00007f907d03e800 nmethod 395 0x00000001173eaed0 code [0x00000001173eb080, 0x00000001173eb608]
Event: 1.757 Thread 0x00007f907d03e800  396       3       java.util.zip.ZipFile$ZipFileInflaterInputStream::fill (80 bytes)
Event: 1.757 Thread 0x00007f907d03e800 nmethod 396 0x00000001173edb90 code [0x00000001173edd40, 0x00000001173ee108]
Event: 1.757 Thread 0x00007f907d03e800  397   !   3       java.util.zip.ZipFile$ZipFileInputStream::read (131 bytes)
Event: 1.759 Thread 0x00007f907d03e800 nmethod 397 0x00000001173ee2d0 code [0x00000001173ee4a0, 0x00000001173eed48]

GC Heap History (0 events):
No events

Deoptimization events (0 events):
No events

Classes redefined (0 events):
No events

Internal exceptions (10 events):
Event: 0.755 Thread 0x00007f907c00f800 Exception <a 'java/lang/NoSuchFieldError': method resolution failed> (0x0000000795a5d748) thrown at [/Volumes/Android/buildbot/src/googleplex-android/openjdk/out/hotspot/src/share/vm/prims/methodHandles.cpp, line 1167]
Event: 0.757 Thread 0x00007f907c00f800 Exception <a 'java/lang/NoSuchFieldError': method resolution failed> (0x0000000795a6aec8) thrown at [/Volumes/Android/buildbot/src/googleplex-android/openjdk/out/hotspot/src/share/vm/prims/methodHandles.cpp, line 1167]
Event: 1.110 Thread 0x00007f907c00f800 Exception <a 'java/io/FileNotFoundException'> (0x0000000795ae66f0) thrown at [/Volumes/Android/buildbot/src/googleplex-android/openjdk/out/hotspot/src/share/vm/prims/jni.cpp, line 710]
Event: 1.110 Thread 0x00007f907c00f800 Exception <a 'java/io/FileNotFoundException'> (0x0000000795ae7270) thrown at [/Volumes/Android/buildbot/src/googleplex-android/openjdk/out/hotspot/src/share/vm/prims/jni.cpp, line 710]
Event: 1.142 Thread 0x00007f907c00f800 Exception <a 'java/security/PrivilegedActionException'> (0x0000000795b01678) thrown at [/Volumes/Android/buildbot/src/googleplex-android/openjdk/out/hotspot/src/share/vm/prims/jvm.cpp, line 1502]
Event: 1.142 Thread 0x00007f907c00f800 Exception <a 'java/security/PrivilegedActionException'> (0x0000000795b03260) thrown at [/Volumes/Android/buildbot/src/googleplex-android/openjdk/out/hotspot/src/share/vm/prims/jvm.cpp, line 1502]
Event: 1.142 Thread 0x00007f907c00f800 Exception <a 'java/security/PrivilegedActionException'> (0x0000000795b04380) thrown at [/Volumes/Android/buildbot/src/googleplex-android/openjdk/out/hotspot/src/share/vm/prims/jvm.cpp, line 1502]
Event: 1.142 Thread 0x00007f907c00f800 Exception <a 'java/security/PrivilegedActionException'> (0x0000000795b09550) thrown at [/Volumes/Android/buildbot/src/googleplex-android/openjdk/out/hotspot/src/share/vm/prims/jvm.cpp, line 1502]
Event: 1.143 Thread 0x00007f907c00f800 Exception <a 'java/security/PrivilegedActionException'> (0x0000000795b0a1a8) thrown at [/Volumes/Android/buildbot/src/googleplex-android/openjdk/out/hotspot/src/share/vm/prims/jvm.cpp, line 1502]
Event: 1.143 Thread 0x00007f907c00f800 Exception <a 'java/security/PrivilegedActionException'> (0x0000000795b0add0) thrown at [/Volumes/Android/buildbot/src/googleplex-android/openjdk/out/hotspot/src/share/vm/prims/jvm.cpp, line 1502]

Events (10 events):
Event: 1.728 loading class org/lwjgl/opengl/MacOSXContextImplementation
Event: 1.728 loading class org/lwjgl/opengl/MacOSXContextImplementation done
Event: 1.730 loading class org/lwjgl/opengl/GLContext
Event: 1.730 loading class org/lwjgl/opengl/GLContext done
Event: 1.731 loading class java/lang/NumberFormatException
Event: 1.731 loading class java/lang/NumberFormatException done
Event: 1.731 loading class org/lwjgl/opengl/GLContext$CapabilitiesCacheEntry
Event: 1.731 loading class org/lwjgl/opengl/GLContext$CapabilitiesCacheEntry done
Event: 1.753 loading class org/lwjgl/opengl/ContextCapabilities
Event: 1.753 loading class org/lwjgl/opengl/ContextCapabilities done


Dynamic libraries:
0x00007fff34f2d000 	/System/Library/Frameworks/Cocoa.framework/Versions/A/Cocoa
0x00007fff222a2000 	/System/Library/Frameworks/Security.framework/Versions/A/Security
0x00007fff3313a000 	/System/Library/Frameworks/ApplicationServices.framework/Versions/A/ApplicationServices
0x00007fff2a51f000 	/usr/lib/libz.1.dylib
0x00007fff2a5e7000 	/usr/lib/libSystem.B.dylib
0x00007fff2048e000 	/System/Library/Frameworks/CoreFoundation.framework/Versions/A/CoreFoundation
0x00007fff2123b000 	/System/Library/Frameworks/Foundation.framework/Versions/C/Foundation
0x00007fff202ae000 	/usr/lib/libobjc.A.dylib
0x00007fff22cd0000 	/System/Library/Frameworks/AppKit.framework/Versions/C/AppKit
0x00007fff25b8f000 	/System/Library/Frameworks/CoreData.framework/Versions/A/CoreData
0x00007fff23a19000 	/System/Library/PrivateFrameworks/UIFoundation.framework/Versions/A/UIFoundation
0x00007fff2fc10000 	/System/Library/PrivateFrameworks/RemoteViewServices.framework/Versions/A/RemoteViewServices
0x00007fff28a2b000 	/System/Library/PrivateFrameworks/XCTTargetBootstrap.framework/Versions/A/XCTTargetBootstrap
0x00007fff2b710000 	/usr/lib/libspindump.dylib
0x00007fff23c68000 	/System/Library/Frameworks/UniformTypeIdentifiers.framework/Versions/A/UniformTypeIdentifiers
0x00007fff2722b000 	/usr/lib/libapp_launch_measurement.dylib
0x00007fff2722e000 	/System/Library/PrivateFrameworks/CoreAutoLayout.framework/Versions/A/CoreAutoLayout
0x00007fff2838e000 	/System/Library/Frameworks/Metal.framework/Versions/A/Metal
0x00007fff29088000 	/usr/lib/liblangid.dylib
0x00007fff28a2f000 	/System/Library/PrivateFrameworks/CoreSVG.framework/Versions/A/CoreSVG
0x00007fff24ca7000 	/System/Library/PrivateFrameworks/SkyLight.framework/Versions/A/SkyLight
0x00007fff2500c000 	/System/Library/Frameworks/CoreGraphics.framework/Versions/A/CoreGraphics
0x00007fff30137000 	/System/Library/Frameworks/Accelerate.framework/Versions/A/Accelerate
0x00007fff2b14e000 	/System/Library/PrivateFrameworks/IconServices.framework/Versions/A/IconServices
0x00007fff28372000 	/System/Library/Frameworks/IOSurface.framework/Versions/A/IOSurface
0x00007fff26517000 	/usr/lib/libDiagnosticMessagesClient.dylib
0x00007fff28a17000 	/System/Library/PrivateFrameworks/DFRFoundation.framework/Versions/A/DFRFoundation
0x00007fff225f7000 	/usr/lib/libicucore.A.dylib
0x00007fff2cc57000 	/System/Library/Frameworks/AudioToolbox.framework/Versions/A/AudioToolbox
0x00007fff2bee1000 	/System/Library/PrivateFrameworks/DataDetectorsCore.framework/Versions/A/DataDetectorsCore
0x00007fff24c1b000 	/usr/lib/libMobileGestalt.dylib
0x00007fff2871b000 	/System/Library/Frameworks/Carbon.framework/Versions/A/Frameworks/HIToolbox.framework/Versions/A/HIToolbox
0x00007fff26c71000 	/System/Library/Frameworks/QuartzCore.framework/Versions/A/QuartzCore
0x00007fff2fc48000 	/System/Library/Frameworks/Carbon.framework/Versions/A/Frameworks/SpeechRecognition.framework/Versions/A/SpeechRecognition
0x00007fff26f90000 	/System/Library/PrivateFrameworks/CoreUI.framework/Versions/A/CoreUI
0x00007fff21c11000 	/System/Library/Frameworks/CoreAudio.framework/Versions/A/CoreAudio
0x00007fff26602000 	/System/Library/Frameworks/DiskArbitration.framework/Versions/A/DiskArbitration
0x00007fff2bade000 	/System/Library/PrivateFrameworks/MultitouchSupport.framework/Versions/A/MultitouchSupport
0x00007fff2bed8000 	/System/Library/PrivateFrameworks/InternationalSupport.framework/Versions/A/InternationalSupport
0x00007fff24c1a000 	/usr/lib/libenergytrace.dylib
0x00007fff22bc7000 	/System/Library/Frameworks/IOKit.framework/Versions/A/IOKit
0x00007fff2ff7b000 	/System/Library/Frameworks/CoreServices.framework/Versions/A/CoreServices
0x00007fff271bd000 	/System/Library/PrivateFrameworks/PerformanceAnalysis.framework/Versions/A/PerformanceAnalysis
0x00007fff6ba2f000 	/System/Library/Frameworks/OpenGL.framework/Versions/A/OpenGL
0x00007fff2bf5c000 	/System/Library/PrivateFrameworks/UserActivity.framework/Versions/A/UserActivity
0x00007fff25696000 	/System/Library/Frameworks/ColorSync.framework/Versions/A/ColorSync
0x00007fff28c96000 	/System/Library/Frameworks/CoreImage.framework/Versions/A/CoreImage
0x00007fff21a2b000 	/System/Library/Frameworks/CoreText.framework/Versions/A/CoreText
0x00007fff28a59000 	/System/Library/Frameworks/ImageIO.framework/Versions/A/ImageIO
0x00007fff2a5ed000 	/System/Library/PrivateFrameworks/SoftLinking.framework/Versions/A/SoftLinking
0x00007fff27276000 	/usr/lib/libxml2.2.dylib
0x00007fff20374000 	/usr/lib/libc++.1.dylib
0x00007fff2a85e000 	/usr/lib/libcompression.dylib
0x00007fff2be0a000 	/System/Library/PrivateFrameworks/TextureIO.framework/Versions/A/TextureIO
0x00007fff2ae8d000 	/usr/lib/libate.dylib
0x00007fff2a5e1000 	/usr/lib/system/libcache.dylib
0x00007fff2a59d000 	/usr/lib/system/libcommonCrypto.dylib
0x00007fff2a5c7000 	/usr/lib/system/libcompiler_rt.dylib
0x00007fff2a5bc000 	/usr/lib/system/libcopyfile.dylib
0x00007fff2019e000 	/usr/lib/system/libcorecrypto.dylib
0x00007fff20269000 	/usr/lib/system/libdispatch.dylib
0x00007fff2041c000 	/usr/lib/system/libdyld.dylib
0x00007fff2a5d8000 	/usr/lib/system/libkeymgr.dylib
0x00007fff2d9ee000 	/usr/lib/system/liblaunch.dylib
0x00007fff2a57b000 	/usr/lib/system/libmacho.dylib
0x00007fff29d73000 	/usr/lib/system/libquarantine.dylib
0x00007fff2a5d5000 	/usr/lib/system/libremovefile.dylib
0x00007fff24c78000 	/usr/lib/system/libsystem_asl.dylib
0x00007fff2014e000 	/usr/lib/system/libsystem_blocks.dylib
0x00007fff202eb000 	/usr/lib/system/libsystem_c.dylib
0x00007fff2a5cf000 	/usr/lib/system/libsystem_collections.dylib
0x00007fff29079000 	/usr/lib/system/libsystem_configuration.dylib
0x00007fff28361000 	/usr/lib/system/libsystem_containermanager.dylib
0x00007fff2a31e000 	/usr/lib/system/libsystem_coreservices.dylib
0x00007fff22857000 	/usr/lib/system/libsystem_darwin.dylib
0x00007fff2a5d9000 	/usr/lib/system/libsystem_dnssd.dylib
0x00007fff202e8000 	/usr/lib/system/libsystem_featureflags.dylib
0x00007fff20462000 	/usr/lib/system/libsystem_info.dylib
0x00007fff2a532000 	/usr/lib/system/libsystem_m.dylib
0x00007fff2023c000 	/usr/lib/system/libsystem_malloc.dylib
0x00007fff24c0b000 	/usr/lib/system/libsystem_networkextension.dylib
0x00007fff22c76000 	/usr/lib/system/libsystem_notify.dylib
0x00007fff2fe7d000 	/usr/lib/system/libsystem_product_info_filter.dylib
0x00007fff2907d000 	/usr/lib/system/libsystem_sandbox.dylib
0x00007fff2a5d2000 	/usr/lib/system/libsystem_secinit.dylib
0x00007fff203e0000 	/usr/lib/system/libsystem_kernel.dylib
0x00007fff20458000 	/usr/lib/system/libsystem_platform.dylib
0x00007fff20410000 	/usr/lib/system/libsystem_pthread.dylib
0x00007fff26353000 	/usr/lib/system/libsystem_symptoms.dylib
0x00007fff20186000 	/usr/lib/system/libsystem_trace.dylib
0x00007fff2a5a9000 	/usr/lib/system/libunwind.dylib
0x00007fff20150000 	/usr/lib/system/libxpc.dylib
0x00007fff203ca000 	/usr/lib/libc++abi.dylib
0x00007fff2a5b4000 	/usr/lib/liboah.dylib
0x00007fff2ac72000 	/usr/lib/liblzma.5.dylib
0x00007fff20f4f000 	/System/Library/Frameworks/SystemConfiguration.framework/Versions/A/SystemConfiguration
0x00007fff2a5e9000 	/usr/lib/libfakelink.dylib
0x00007fff2476c000 	/System/Library/Frameworks/CFNetwork.framework/Versions/A/CFNetwork
0x00007fff2a729000 	/usr/lib/libarchive.2.dylib
0x00007fff20fcd000 	/usr/lib/libCRFSuite.dylib
0x00007fff29d9a000 	/usr/lib/libbsm.0.dylib
0x00007fff240e5000 	/usr/lib/libnetwork.dylib
0x00007fff2a5ee000 	/usr/lib/libpcap.A.dylib
0x00007fff2634c000 	/usr/lib/libdns_services.dylib
0x00007fff2ac8b000 	/usr/lib/libcoretls_cfhelpers.dylib
0x00007fff2a828000 	/usr/lib/libapple_nghttp2.dylib
0x00007fff2a581000 	/usr/lib/system/libkxld.dylib
0x00007fff25fc5000 	/usr/lib/libsqlite3.dylib
0x00007fff2a301000 	/System/Library/PrivateFrameworks/AppleFSCompression.framework/Versions/A/AppleFSCompression
0x00007fff29d82000 	/usr/lib/libcoretls.dylib
0x00007fff2a859000 	/usr/lib/libpam.2.dylib
0x00007fff2ad89000 	/usr/lib/libxar.1.dylib
0x00007fff29084000 	/System/Library/PrivateFrameworks/AppleSystemInfo.framework/Versions/A/AppleSystemInfo
0x00007fff299c4000 	/System/Library/PrivateFrameworks/IOMobileFramebuffer.framework/Versions/A/IOMobileFramebuffer
0x00007fff2a311000 	/usr/lib/libbz2.1.0.dylib
0x00007fff2a626000 	/usr/lib/libiconv.2.dylib
0x00007fff2a57a000 	/usr/lib/libcharset.1.dylib
0x00007fff271f9000 	/System/Library/Frameworks/CoreServices.framework/Versions/A/Frameworks/FSEvents.framework/Versions/A/FSEvents
0x00007fff22861000 	/System/Library/Frameworks/CoreServices.framework/Versions/A/Frameworks/CarbonCore.framework/Versions/A/CarbonCore
0x00007fff26567000 	/System/Library/Frameworks/CoreServices.framework/Versions/A/Frameworks/Metadata.framework/Versions/A/Metadata
0x00007fff2a323000 	/System/Library/Frameworks/CoreServices.framework/Versions/A/Frameworks/OSServices.framework/Versions/A/OSServices
0x00007fff2a79b000 	/System/Library/Frameworks/CoreServices.framework/Versions/A/Frameworks/SearchKit.framework/Versions/A/SearchKit
0x00007fff262d7000 	/System/Library/Frameworks/CoreServices.framework/Versions/A/Frameworks/AE.framework/Versions/A/AE
0x00007fff2092c000 	/System/Library/Frameworks/CoreServices.framework/Versions/A/Frameworks/LaunchServices.framework/Versions/A/LaunchServices
0x00007fff2ac22000 	/System/Library/Frameworks/CoreServices.framework/Versions/A/Frameworks/DictionaryServices.framework/Versions/A/DictionaryServices
0x00007fff27206000 	/System/Library/Frameworks/CoreServices.framework/Versions/A/Frameworks/SharedFileList.framework/Versions/A/SharedFileList
0x00007fff29d76000 	/usr/lib/libCheckFix.dylib
0x00007fff24c8f000 	/System/Library/PrivateFrameworks/TCC.framework/Versions/A/TCC
0x00007fff2908a000 	/System/Library/PrivateFrameworks/CoreNLP.framework/Versions/A/CoreNLP
0x00007fff2651a000 	/System/Library/PrivateFrameworks/MetadataUtilities.framework/Versions/A/MetadataUtilities
0x00007fff21002000 	/usr/lib/libmecabra.dylib
0x00007fff2a080000 	/System/Library/Frameworks/MLCompute.framework/Versions/A/MLCompute
0x00007fff29dab000 	/usr/lib/libmecab.dylib
0x00007fff29df5000 	/usr/lib/libgermantok.dylib
0x00007fff2a803000 	/usr/lib/libThaiTokenizer.dylib
0x00007fff2adc4000 	/usr/lib/libChineseTokenizer.dylib
0x00007fff2a857000 	/System/Library/Frameworks/MetalPerformanceShaders.framework/Versions/A/MetalPerformanceShaders
0x00007fff26609000 	/System/Library/Frameworks/Accelerate.framework/Versions/A/Frameworks/vImage.framework/Versions/A/vImage
0x00007fff2ff55000 	/System/Library/Frameworks/Accelerate.framework/Versions/A/Frameworks/vecLib.framework/Versions/A/vecLib
0x00007fff2adcf000 	/System/Library/Frameworks/Accelerate.framework/Versions/A/Frameworks/vecLib.framework/Versions/A/libvMisc.dylib
0x00007fff297df000 	/System/Library/Frameworks/Accelerate.framework/Versions/A/Frameworks/vecLib.framework/Versions/A/libvDSP.dylib
0x00007fff20c35000 	/System/Library/Frameworks/Accelerate.framework/Versions/A/Frameworks/vecLib.framework/Versions/A/libBLAS.dylib
0x00007fff2a884000 	/System/Library/Frameworks/Accelerate.framework/Versions/A/Frameworks/vecLib.framework/Versions/A/libLAPACK.dylib
0x00007fff29dfb000 	/System/Library/Frameworks/Accelerate.framework/Versions/A/Frameworks/vecLib.framework/Versions/A/libLinearAlgebra.dylib
0x00007fff2a840000 	/System/Library/Frameworks/Accelerate.framework/Versions/A/Frameworks/vecLib.framework/Versions/A/libSparseBLAS.dylib
0x00007fff2a87e000 	/System/Library/Frameworks/Accelerate.framework/Versions/A/Frameworks/vecLib.framework/Versions/A/libQuadrature.dylib
0x00007fff29136000 	/System/Library/Frameworks/Accelerate.framework/Versions/A/Frameworks/vecLib.framework/Versions/A/libBNNS.dylib
0x00007fff20ee0000 	/System/Library/Frameworks/Accelerate.framework/Versions/A/Frameworks/vecLib.framework/Versions/A/libSparse.dylib
0x00007fff29012000 	/System/Library/Frameworks/MetalPerformanceShaders.framework/Versions/A/Frameworks/MPSCore.framework/Versions/A/MPSCore
0x00007fff2a270000 	/System/Library/Frameworks/MetalPerformanceShaders.framework/Versions/A/Frameworks/MPSImage.framework/Versions/A/MPSImage
0x00007fff29e11000 	/System/Library/Frameworks/MetalPerformanceShaders.framework/Versions/A/Frameworks/MPSNeuralNetwork.framework/Versions/A/MPSNeuralNetwork
0x00007fff2a1e2000 	/System/Library/Frameworks/MetalPerformanceShaders.framework/Versions/A/Frameworks/MPSMatrix.framework/Versions/A/MPSMatrix
0x00007fff2a030000 	/System/Library/Frameworks/MetalPerformanceShaders.framework/Versions/A/Frameworks/MPSRayIntersector.framework/Versions/A/MPSRayIntersector
0x00007fff2a219000 	/System/Library/Frameworks/MetalPerformanceShaders.framework/Versions/A/Frameworks/MPSNDArray.framework/Versions/A/MPSNDArray
0x00007fff20b61000 	/System/Library/PrivateFrameworks/MetalTools.framework/Versions/A/MetalTools
0x00007fff29082000 	/System/Library/PrivateFrameworks/AggregateDictionary.framework/Versions/A/AggregateDictionary
0x00007fff264e7000 	/System/Library/PrivateFrameworks/CoreAnalytics.framework/Versions/A/CoreAnalytics
0x00007fff2a805000 	/System/Library/PrivateFrameworks/AppleSauce.framework/Versions/A/AppleSauce
0x00007fff28384000 	/System/Library/PrivateFrameworks/IOAccelerator.framework/Versions/A/IOAccelerator
0x00007fff6ba23000 	/System/Library/Frameworks/OpenGL.framework/Versions/A/Libraries/libCoreFSCache.dylib
0x00007fff2159a000 	/System/Library/PrivateFrameworks/LanguageModeling.framework/Versions/A/LanguageModeling
0x00007fff299b2000 	/System/Library/PrivateFrameworks/CoreEmoji.framework/Versions/A/CoreEmoji
0x00007fff2912f000 	/System/Library/PrivateFrameworks/LinguisticData.framework/Versions/A/LinguisticData
0x00007fff20e92000 	/System/Library/PrivateFrameworks/Lexicon.framework/Versions/A/Lexicon
0x00007fff2a717000 	/usr/lib/libcmph.dylib
0x00007fff271d9000 	/System/Library/Frameworks/OpenDirectory.framework/Versions/A/Frameworks/CFOpenDirectory.framework/Versions/A/CFOpenDirectory
0x00007fff271c9000 	/System/Library/Frameworks/OpenDirectory.framework/Versions/A/OpenDirectory
0x00007fff2ac8d000 	/System/Library/PrivateFrameworks/APFS.framework/Versions/A/APFS
0x00007fff29cd8000 	/System/Library/Frameworks/SecurityFoundation.framework/Versions/A/SecurityFoundation
0x00007fff2ad97000 	/usr/lib/libutil.dylib
0x00007fff22b8c000 	/System/Library/PrivateFrameworks/CoreServicesStore.framework/Versions/A/CoreServicesStore
0x00007fff29d6e000 	/System/Library/Frameworks/ServiceManagement.framework/Versions/A/ServiceManagement
0x00007fff2ad9b000 	/usr/lib/libxslt.1.dylib
0x00007fff29d64000 	/System/Library/PrivateFrameworks/BackgroundTaskManagement.framework/Versions/A/BackgroundTaskManagement
0x00007fff2bd54000 	/System/Library/Frameworks/ImageIO.framework/Versions/A/Resources/libRadiance.dylib
0x00007fff2bd5e000 	/System/Library/Frameworks/ImageIO.framework/Versions/A/Resources/libJPEG.dylib
0x00007fff2bca8000 	/System/Library/Frameworks/ImageIO.framework/Versions/A/Resources/libPng.dylib
0x00007fff2bccf000 	/System/Library/Frameworks/ImageIO.framework/Versions/A/Resources/libTIFF.dylib
0x00007fff2bdb3000 	/System/Library/Frameworks/ImageIO.framework/Versions/A/Resources/libGIF.dylib
0x00007fff2b9fa000 	/System/Library/Frameworks/ImageIO.framework/Versions/A/Resources/libJP2.dylib
0x00007fff2b116000 	/usr/lib/libexpat.1.dylib
0x00007fff2b9b0000 	/System/Library/PrivateFrameworks/AppleJPEG.framework/Versions/A/AppleJPEG
0x00007fff285ba000 	/System/Library/PrivateFrameworks/FontServices.framework/libFontParser.dylib
0x00007fff2628e000 	/System/Library/PrivateFrameworks/RunningBoardServices.framework/Versions/A/RunningBoardServices
0x00007fff2bada000 	/System/Library/PrivateFrameworks/WatchdogClient.framework/Versions/A/WatchdogClient
0x00007fff21683000 	/System/Library/Frameworks/CoreDisplay.framework/Versions/A/CoreDisplay
0x00007fff284cf000 	/System/Library/Frameworks/CoreMedia.framework/Versions/A/CoreMedia
0x00007fff27359000 	/System/Library/Frameworks/CoreVideo.framework/Versions/A/CoreVideo
0x00007fff2bb15000 	/System/Library/Frameworks/VideoToolbox.framework/Versions/A/VideoToolbox
0x00007fff2620e000 	/System/Library/PrivateFrameworks/BaseBoard.framework/Versions/A/BaseBoard
0x00007fff2b25a000 	/System/Library/PrivateFrameworks/PersistentConnection.framework/Versions/A/PersistentConnection
0x00007fff25faf000 	/System/Library/PrivateFrameworks/ProtocolBuffer.framework/Versions/A/ProtocolBuffer
0x00007fff261f6000 	/System/Library/PrivateFrameworks/CommonUtilities.framework/Versions/A/CommonUtilities
0x00007fff2b973000 	/System/Library/PrivateFrameworks/Bom.framework/Versions/A/Bom
0x00007fff2bd4c000 	/System/Library/PrivateFrameworks/GPUWrangler.framework/Versions/A/GPUWrangler
0x00007fff2bd2f000 	/System/Library/PrivateFrameworks/IOPresentment.framework/Versions/A/IOPresentment
0x00007fff2bd58000 	/System/Library/PrivateFrameworks/DSExternalDisplay.framework/Versions/A/DSExternalDisplay
0x00007fff2bdb8000 	/System/Library/PrivateFrameworks/CMCaptureCore.framework/Versions/A/CMCaptureCore
0x00007fff2b6f6000 	/System/Library/PrivateFrameworks/AppServerSupport.framework/Versions/A/AppServerSupport
0x00007fff2d791000 	/System/Library/PrivateFrameworks/perfdata.framework/Versions/A/perfdata
0x00007fff29cc7000 	/System/Library/PrivateFrameworks/AssertionServices.framework/Versions/A/AssertionServices
0x00007fff217ba000 	/System/Library/PrivateFrameworks/AudioToolboxCore.framework/Versions/A/AudioToolboxCore
0x00007fff284b2000 	/System/Library/PrivateFrameworks/caulk.framework/Versions/A/caulk
0x00007fff3cbc9000 	/System/Library/PrivateFrameworks/SystemPolicy.framework/Versions/A/SystemPolicy
0x00007fff2af25000 	/usr/lib/libIOReport.dylib
0x00007fff2cfcd000 	/usr/lib/libSMC.dylib
0x00007fff2bc74000 	/usr/lib/libAudioToolboxUtility.dylib
0x00007fff3d523000 	/usr/lib/libmis.dylib
0x00007fff6ba7f000 	/System/Library/Frameworks/OpenGL.framework/Versions/A/Libraries/libGLU.dylib
0x00007fff6ba42000 	/System/Library/Frameworks/OpenGL.framework/Versions/A/Libraries/libGFXShared.dylib
0x00007fff6bc50000 	/System/Library/Frameworks/OpenGL.framework/Versions/A/Libraries/libGL.dylib
0x00007fff6ba4b000 	/System/Library/Frameworks/OpenGL.framework/Versions/A/Libraries/libGLImage.dylib
0x00007fff6ba3f000 	/System/Library/Frameworks/OpenGL.framework/Versions/A/Libraries/libCVMSPluginSupport.dylib
0x00007fff6ba2a000 	/System/Library/Frameworks/OpenGL.framework/Versions/A/Libraries/libCoreVMClient.dylib
0x00007fff6d09a000 	/System/Library/Frameworks/OpenCL.framework/Versions/A/OpenCL
0x00007fff2b283000 	/System/Library/PrivateFrameworks/GraphVisualizer.framework/Versions/A/GraphVisualizer
0x00007fff2b292000 	/System/Library/PrivateFrameworks/FaceCore.framework/Versions/A/FaceCore
0x00007fff2b6ae000 	/System/Library/PrivateFrameworks/OTSVG.framework/Versions/A/OTSVG
0x00007fff26f4e000 	/System/Library/Frameworks/ApplicationServices.framework/Versions/A/Frameworks/ATS.framework/Versions/A/Resources/libFontRegistry.dylib
0x00007fff2b6fd000 	/System/Library/PrivateFrameworks/FontServices.framework/libhvf.dylib
0x00007fff2b0c2000 	/System/Library/PrivateFrameworks/AppleVA.framework/Versions/A/AppleVA
0x00007fff2ce15000 	/System/Library/Frameworks/ApplicationServices.framework/Versions/A/Frameworks/ATS.framework/Versions/A/ATS
0x00007fff2d128000 	/System/Library/Frameworks/ApplicationServices.framework/Versions/A/Frameworks/ColorSyncLegacy.framework/Versions/A/ColorSyncLegacy
0x00007fff2578d000 	/System/Library/Frameworks/ApplicationServices.framework/Versions/A/Frameworks/HIServices.framework/Versions/A/HIServices
0x00007fff2d10d000 	/System/Library/Frameworks/ApplicationServices.framework/Versions/A/Frameworks/LangAnalysis.framework/Versions/A/LangAnalysis
0x00007fff2bdc2000 	/System/Library/Frameworks/ApplicationServices.framework/Versions/A/Frameworks/PrintCore.framework/Versions/A/PrintCore
0x00007fff2d130000 	/System/Library/Frameworks/ApplicationServices.framework/Versions/A/Frameworks/QD.framework/Versions/A/QD
0x00007fff2ce05000 	/System/Library/Frameworks/ApplicationServices.framework/Versions/A/Frameworks/SpeechSynthesis.framework/Versions/A/SpeechSynthesis
0x00007fff2bd83000 	/System/Library/Frameworks/ApplicationServices.framework/Versions/A/Frameworks/ATSUI.framework/Versions/A/ATSUI
0x00007fff2d0ad000 	/usr/lib/libcups.2.dylib
0x00007fff2d11d000 	/System/Library/PrivateFrameworks/NetAuth.framework/Versions/A/NetAuth
0x00007fff2d7ac000 	/System/Library/Frameworks/Kerberos.framework/Versions/A/Kerberos
0x00007fff2d7bc000 	/System/Library/Frameworks/GSS.framework/Versions/A/GSS
0x00007fff2ce82000 	/usr/lib/libresolv.9.dylib
0x00007fff2b713000 	/System/Library/PrivateFrameworks/Heimdal.framework/Versions/A/Heimdal
0x00007fff3344f000 	/System/Library/Frameworks/Kerberos.framework/Versions/A/Libraries/libHeimdalProxy.dylib
0x00007fff2635b000 	/System/Library/Frameworks/Network.framework/Versions/A/Network
0x00007fff2b12f000 	/usr/lib/libheimdal-asn1.dylib
0x00007fff2d80d000 	/System/Library/PrivateFrameworks/CommonAuth.framework/Versions/A/CommonAuth
0x00007fff273a7000 	/System/Library/PrivateFrameworks/login.framework/Versions/A/Frameworks/loginsupport.framework/Versions/A/loginsupport
0x00007fff2cd8c000 	/System/Library/PrivateFrameworks/AudioSession.framework/Versions/A/AudioSession
0x00007fff2cdf2000 	/usr/lib/libAudioStatistics.dylib
0x00007fff2b1bb000 	/System/Library/PrivateFrameworks/MediaExperience.framework/Versions/A/MediaExperience
0x00007fff2cc25000 	/System/Library/PrivateFrameworks/AudioSession.framework/libSessionUtility.dylib
0x00007fff2d79d000 	/usr/lib/libperfcheck.dylib
0x00007fff2d13c000 	/System/Library/PrivateFrameworks/AudioResourceArbitration.framework/Versions/A/AudioResourceArbitration
0x00007fff2b139000 	/System/Library/PrivateFrameworks/IconFoundation.framework/Versions/A/IconFoundation
0x00007fff2fc38000 	/System/Library/PrivateFrameworks/SpeechRecognitionCore.framework/Versions/A/SpeechRecognitionCore
0x0000000110800000 	/Applications/Android Studio.app/Contents/jre/jdk/Contents/Home/jre/lib/server/libjvm.dylib
0x00007fff77fb2000 	/usr/lib/libstdc++.6.dylib
0x000000010e1ef000 	/Applications/Android Studio.app/Contents/jre/jdk/Contents/Home/jre/lib/libverify.dylib
0x000000010e201000 	/Applications/Android Studio.app/Contents/jre/jdk/Contents/Home/jre/lib/libjava.dylib
0x000000010e295000 	/Applications/Android Studio.app/Contents/jre/jdk/Contents/Home/jre/lib/libzip.dylib
0x000000010e69d000 	/Applications/Android Studio.app/Contents/jre/jdk/Contents/Home/jre/lib/libnio.dylib
0x000000010e6b8000 	/Applications/Android Studio.app/Contents/jre/jdk/Contents/Home/jre/lib/libnet.dylib
0x000000010e721000 	/private/var/folders/83/pb428pzs1rv_s9h3qjp_5hgr0000gn/T/libgdxhoangvanhoan/ccbdf3b/libgdx64.dylib
0x0000000116b43000 	/Applications/Android Studio.app/Contents/jre/jdk/Contents/Home/jre/lib/libawt.dylib
0x0000000116c04000 	/Applications/Android Studio.app/Contents/jre/jdk/Contents/Home/jre/lib/libmlib_image.dylib
0x00007fff6e9cf000 	/System/Library/Frameworks/JavaNativeFoundation.framework/Versions/A/JavaNativeFoundation
0x00007fff6e9db000 	/System/Library/Frameworks/JavaRuntimeSupport.framework/Versions/A/JavaRuntimeSupport
0x00007fff3c913000 	/System/Library/Frameworks/Carbon.framework/Versions/A/Carbon
0x00007fff31aa9000 	/System/Library/PrivateFrameworks/CoreSymbolication.framework/Versions/A/CoreSymbolication
0x00007fff363ca000 	/System/Library/Frameworks/Carbon.framework/Versions/A/Frameworks/CommonPanels.framework/Versions/A/CommonPanels
0x00007fff32ee4000 	/System/Library/Frameworks/Carbon.framework/Versions/A/Frameworks/Help.framework/Versions/A/Help
0x00007fff363ce000 	/System/Library/Frameworks/Carbon.framework/Versions/A/Frameworks/ImageCapture.framework/Versions/A/ImageCapture
0x00007fff3639e000 	/System/Library/Frameworks/Carbon.framework/Versions/A/Frameworks/OpenScripting.framework/Versions/A/OpenScripting
0x00007fff363c6000 	/System/Library/Frameworks/Carbon.framework/Versions/A/Frameworks/Ink.framework/Versions/A/Ink
0x00007fff3c90f000 	/System/Library/Frameworks/Carbon.framework/Versions/A/Frameworks/Print.framework/Versions/A/Print
0x00007fff363c2000 	/System/Library/Frameworks/Carbon.framework/Versions/A/Frameworks/SecurityHI.framework/Versions/A/SecurityHI
0x00007fff31a6d000 	/System/Library/PrivateFrameworks/DebugSymbols.framework/Versions/A/DebugSymbols
0x0000000116cca000 	/Applications/Android Studio.app/Contents/jre/jdk/Contents/Home/jre/lib/libawt_lwawt.dylib
0x000000010e75e000 	/Applications/Android Studio.app/Contents/jre/jdk/Contents/Home/jre/lib/libosxapp.dylib
0x00007fff3bf2e000 	/System/Library/Frameworks/ExceptionHandling.framework/Versions/A/ExceptionHandling
0x00007fff22b4d000 	/System/Library/PrivateFrameworks/CoreServicesInternal.framework/Versions/A/CoreServicesInternal
0x00007fff30fbf000 	/System/Library/Frameworks/FileProvider.framework/Versions/A/FileProvider
0x00007fff26179000 	/System/Library/Frameworks/Accounts.framework/Versions/A/Accounts
0x00007fff3110f000 	/System/Library/PrivateFrameworks/GenerationalStorage.framework/Versions/A/GenerationalStorage
0x00007fff309df000 	/System/Library/PrivateFrameworks/SymptomDiagnosticReporter.framework/Versions/A/SymptomDiagnosticReporter
0x00007fff23c7b000 	/System/Library/PrivateFrameworks/DesktopServicesPriv.framework/Versions/A/DesktopServicesPriv
0x00007fff22c82000 	/usr/lib/libsandbox.1.dylib
0x00007fff273d2000 	/System/Library/PrivateFrameworks/UserManagement.framework/Versions/A/UserManagement
0x00007fff29ca4000 	/System/Library/PrivateFrameworks/MobileKeyBag.framework/Versions/A/MobileKeyBag
0x00007fff344d1000 	/System/Library/PrivateFrameworks/ChunkingLibrary.framework/Versions/A/ChunkingLibrary
0x00007fff2e1d0000 	/System/Library/PrivateFrameworks/Sharing.framework/Versions/A/Sharing
0x00007fff32a51000 	/System/Library/PrivateFrameworks/Apple80211.framework/Versions/A/Apple80211
0x00007fff2a351000 	/System/Library/PrivateFrameworks/AuthKit.framework/Versions/A/AuthKit
0x00007fff29aa2000 	/System/Library/PrivateFrameworks/CoreUtils.framework/Versions/A/CoreUtils
0x00007fff299cf000 	/System/Library/Frameworks/CoreWLAN.framework/Versions/A/CoreWLAN
0x00007fff2e31c000 	/System/Library/Frameworks/IOBluetooth.framework/Versions/A/IOBluetooth
0x00007fff32ab5000 	/System/Library/PrivateFrameworks/CoreWiFi.framework/Versions/A/CoreWiFi
0x00007fff2d893000 	/System/Library/PrivateFrameworks/CorePhoneNumbers.framework/Versions/A/CorePhoneNumbers
0x00007fff30ae6000 	/System/Library/PrivateFrameworks/DiskManagement.framework/Versions/A/DiskManagement
0x00007fff309fc000 	/System/Library/PrivateFrameworks/AppleIDAuthSupport.framework/Versions/A/AppleIDAuthSupport
0x00007fff2d873000 	/System/Library/PrivateFrameworks/KeychainCircle.framework/Versions/A/KeychainCircle
0x00007fff30ab2000 	/System/Library/PrivateFrameworks/MediaKit.framework/Versions/A/MediaKit
0x00007fff30a09000 	/System/Library/Frameworks/DiscRecording.framework/Versions/A/DiscRecording
0x00007fff2b036000 	/usr/lib/libCoreStorage.dylib
0x00007fff32ef0000 	/usr/lib/libcsfde.dylib
0x00007fff2e457000 	/System/Library/PrivateFrameworks/ProtectedCloudStorage.framework/Versions/A/ProtectedCloudStorage
0x00007fff32ee8000 	/System/Library/PrivateFrameworks/EFILogin.framework/Versions/A/EFILogin
0x00007fff33502000 	/System/Library/Frameworks/AudioUnit.framework/Versions/A/AudioUnit
0x00007fff30979000 	/System/Library/Frameworks/CoreBluetooth.framework/Versions/A/CoreBluetooth
0x00007fff2b02e000 	/usr/lib/libMatch.1.dylib
0x00007fff4378e000 	/System/Library/CoreServices/RawCamera.bundle/Contents/MacOS/RawCamera
0x00007fff2d81e000 	/System/Library/PrivateFrameworks/MobileAsset.framework/Versions/A/MobileAsset
0x00007fff33526000 	/System/Library/PrivateFrameworks/StreamingZip.framework/Versions/A/StreamingZip
0x00007fff2bfba000 	/System/Library/Frameworks/MediaToolbox.framework/Versions/A/MediaToolbox
0x00007fff30f91000 	/System/Library/PrivateFrameworks/CoreAVCHD.framework/Versions/A/CoreAVCHD
0x00007fff30178000 	/System/Library/Frameworks/MediaAccessibility.framework/Versions/A/MediaAccessibility
0x00007fff30f8d000 	/System/Library/PrivateFrameworks/Mangrove.framework/Versions/A/Mangrove
0x00007fff30184000 	/System/Library/PrivateFrameworks/AlgosScoreFramework.framework/Versions/A/AlgosScoreFramework
0x00007fff3197b000 	/System/Library/PrivateFrameworks/AppleVPA.framework/Versions/A/AppleVPA
0x00007fff30bd2000 	/System/Library/PrivateFrameworks/CoreAUC.framework/Versions/A/CoreAUC
0x00007fff411e5000 	/System/Library/Frameworks/Accelerate.framework/Versions/A/Frameworks/vImage.framework/Versions/A/Libraries/libCGInterfaces.dylib
0x000000011708b000 	/usr/lib/libobjc-trampolines.dylib
0x00007fff270d1000 	/System/Library/PrivateFrameworks/ViewBridge.framework/Versions/A/ViewBridge
0x00007fff2af2d000 	/System/Library/PrivateFrameworks/CrashReporterSupport.framework/Versions/A/CrashReporterSupport
0x00007fff47908000 	/System/Library/PrivateFrameworks/OSAnalytics.framework/Versions/A/OSAnalytics
0x00007fff77898000 	/usr/lib/libRosetta.dylib
0x00007fff32e77000 	/System/Library/PrivateFrameworks/RemoteServiceDiscovery.framework/Versions/A/RemoteServiceDiscovery
0x00007fff515a8000 	/System/Library/PrivateFrameworks/Symbolication.framework/Versions/A/Symbolication
0x00007fff3d503000 	/System/Library/PrivateFrameworks/MallocStackLogging.framework/Versions/A/MallocStackLogging
0x0000000128fb5000 	/Applications/Android Studio.app/Contents/jre/jdk/Contents/Home/jre/lib/libfontmanager.dylib
0x00000001290dd000 	/Applications/Android Studio.app/Contents/jre/jdk/Contents/Home/jre/lib/libfreetype.dylib.6
0x00000001291df000 	/private/var/folders/83/pb428pzs1rv_s9h3qjp_5hgr0000gn/T/libgdxhoangvanhoan/f7649394/liblwjgl.dylib
0x00000001170ca000 	/Applications/Android Studio.app/Contents/jre/jdk/Contents/Home/jre/lib/libjawt.dylib
0x0000000129261000 	/private/var/folders/83/pb428pzs1rv_s9h3qjp_5hgr0000gn/T/libgdxhoangvanhoan/f7649394/openal.dylib
0x00000001292bd000 	/System/Library/Components/CoreAudio.component/Contents/MacOS/CoreAudio
0x00007fff6bc5b000 	/System/Library/Frameworks/OpenGL.framework/Versions/A/Resources/GLEngine.bundle/GLEngine
0x00007fff6babc000 	/System/Library/Frameworks/OpenGL.framework/Versions/A/Libraries/libGLProgrammability.dylib
0x00007fff5ee42000 	/System/Library/Extensions/AppleIntelKBLGraphicsGLDriver.bundle/Contents/MacOS/AppleIntelKBLGraphicsGLDriver
0x00007fff462d2000 	/System/Library/PrivateFrameworks/GPUSupport.framework/Versions/A/Libraries/libGPUSupportMercury.dylib
0x00007fff6bdd9000 	/System/Library/Frameworks/OpenGL.framework/Versions/A/Resources/GLRendererFloat.bundle/GLRendererFloat
0x00007fff2b7d4000 	/System/Library/PrivateFrameworks/login.framework/Versions/A/login

VM Arguments:
jvm_args: -Dfile.encoding=UTF-8 -Duser.country=VN -Duser.language=vi -Duser.variant 
java_command: com.vanhoan.spaceshooter.desktop.DesktopLauncher
java_class_path (initial): /Users/hoangvanhoan/Desktop/Năm 2/Android /Space Shooter/desktop/build/classes/java/main:/Users/hoangvanhoan/Desktop/Năm 2/Android /Space Shooter/desktop/build/resources/main:/Users/hoangvanhoan/.gradle/caches/modules-2/files-2.1/com.badlogicgames.gdx/gdx-backend-lwjgl/1.10.0/58ff89d9e4fd8a82591367f187d606e781cacc05/gdx-backend-lwjgl-1.10.0.jar:/Users/hoangvanhoan/.gradle/caches/modules-2/files-2.1/com.badlogicgames.gdx/gdx-platform/1.10.0/9a8fa793d2fd6d360afc6c9e4c1f5583da263b88/gdx-platform-1.10.0-natives-desktop.jar:/Users/hoangvanhoan/Desktop/Năm 2/Android /Space Shooter/core/build/libs/core-1.0.jar:/Users/hoangvanhoan/.gradle/caches/modules-2/files-2.1/com.badlogicgames.gdx/gdx-freetype-platform/1.10.0/6e5d28752759e69384f12e4569d2c884ff71352f/gdx-freetype-platform-1.10.0-natives-desktop.jar:/Users/hoangvanhoan/.gradle/caches/modules-2/files-2.1/com.badlogicgames.gdx/gdx-freetype/1.10.0/de1d0d5c1e92e8d91364256fd6b7bb279d3e9859/gdx-freetype-1.10.0.jar:/Users/hoangvanhoan/.gradle/caches/modules-2/files-2.1/com.badlogicgames.gdx/gdx/1.10.0/74c240f79dc4fb6b766a834249600d0a019d0489/gdx-1.10.0.jar:/Users/hoangvanhoan/.gradle/caches/modules-2/files-2.1/org.lwjgl.lwjgl/lwjgl_util/2.9.3/751f06b62424da056954c67288fd5c494431e350/lwjgl_util-2.9.3.jar:/Users/hoangvanhoan/.gradle/caches/modules-2/files-2.1/org.lwjgl.lwjgl/lwjgl/2.9.3/3df168ac74e4a8c96562cdff24ad352e255bf89c/lwjgl-2.9.3.jar:/Users/hoangvanhoan/.gradle/caches/modules-2/files-2.1/com.badlogicgames.jlayer/jlayer/1.0.1-gdx/7cca83cec5c1b2f011362f4d85aabd71a73b049d/jlayer-1.0.1-gdx.jar:/Users/hoangvanhoan/.gradle/caches/modules-2/files-2.1/org.jcraft/jorbis/0.0.17/8872d22b293e8f5d7d56ff92be966e6dc28ebdc6/jorbis-0.0.17.jar:/Users/hoangvanhoan/.gradle/caches/modules-2/files-2.1/org.lwjgl.lwjgl/lwjgl-platform/2.9.3/fbc2afb3e288578e9942578decb6291a490549a0/lwjgl-platform-2.9.3-natives-windows.jar:/Users/hoangvanhoan/.gradle/caches/modules-2/files-2.1/org.lwjgl.lwjgl/lwjgl-platform/2.9.3/b
Launcher Type: SUN_STANDARD

Environment Variables:
PATH=/Library/Frameworks/Python.framework/Versions/3.9/bin:/usr/local/bin:/usr/bin:/bin:/usr/sbin:/sbin:/Applications/VMware Fusion.app/Contents/Public
SHELL=/bin/zsh

Signal Handlers:
SIGSEGV: [libjvm.dylib+0x565c43], sa_mask[0]=11111111011111110111111111111111, sa_flags=SA_ONSTACK|SA_RESTART|SA_SIGINFO
SIGBUS: [libjvm.dylib+0x565c43], sa_mask[0]=11111111011111110111111111111111, sa_flags=SA_RESTART|SA_SIGINFO
SIGFPE: [libjvm.dylib+0x45dd9d], sa_mask[0]=11111111011111110111111111111111, sa_flags=SA_RESTART|SA_SIGINFO
SIGPIPE: [libjvm.dylib+0x45dd9d], sa_mask[0]=11111111011111110111111111111111, sa_flags=SA_RESTART|SA_SIGINFO
SIGXFSZ: [libjvm.dylib+0x45dd9d], sa_mask[0]=11111111011111110111111111111111, sa_flags=SA_RESTART|SA_SIGINFO
SIGILL: [libjvm.dylib+0x45dd9d], sa_mask[0]=11111111011111110111111111111111, sa_flags=SA_RESTART|SA_SIGINFO
SIGUSR1: SIG_DFL, sa_mask[0]=00000000000000000000000000000000, sa_flags=none
SIGUSR2: [libjvm.dylib+0x45e69c], sa_mask[0]=00100000000000000000000000000000, sa_flags=SA_RESTART|SA_SIGINFO
SIGHUP: [libjvm.dylib+0x45c8c1], sa_mask[0]=11111111011111110111111111111111, sa_flags=SA_RESTART|SA_SIGINFO
SIGINT: [libjvm.dylib+0x45c8c1], sa_mask[0]=11111111011111110111111111111111, sa_flags=SA_RESTART|SA_SIGINFO
SIGTERM: [libjvm.dylib+0x45c8c1], sa_mask[0]=11111111011111110111111111111111, sa_flags=SA_RESTART|SA_SIGINFO
SIGQUIT: [libjvm.dylib+0x45c8c1], sa_mask[0]=11111111011111110111111111111111, sa_flags=SA_RESTART|SA_SIGINFO


---------------  S Y S T E M  ---------------

OS:Bsduname:Darwin 20.5.0 Darwin Kernel Version 20.5.0: Sat May  8 05:10:33 PDT 2021; root:xnu-7195.121.3~9/RELEASE_X86_64 x86_64
rlimit: STACK 8192k, CORE 0k, NPROC 1392, NOFILE 10240, AS infinity
load average:2.91 4.50 4.62

CPU:total 4 (initial active 4) (2 cores per cpu, 2 threads per core) family 6 model 142 stepping 9, cmov, cx8, fxsr, mmx, sse, sse2, sse3, ssse3, sse4.1, sse4.2, popcnt, avx, avx2, aes, clmul, erms, 3dnowpref, lzcnt, ht, tsc, tscinvbit, bmi1, bmi2, adx

Memory: 4k page, physical 8388608k(122160k free)

/proc/meminfo:


vm_info: OpenJDK 64-Bit Server VM (25.242-b3-6915495) for bsd-amd64 JRE (1.8.0_242-release-1644-b3-6915495), built by "android-build" with gcc 4.2.1 Compatible Android (5484270 based on r353983c) Clang 9.0.3 (https://android.googlesource.com/toolchain/clang 745b335211bb9eadfa6aa6301f84715cee4b37c5) (https://android.googlesource.com/toolchain/llvm 60cf23e54e46c807513f7a36d0a7b777920b5881)

time: Tue Jun  8 18:33:12 2021
timezone: +07
elapsed time: 1 seconds (0d 0h 0m 1s)

